<?xml version="1.0" encoding="UTF-8"?>
<coverage generated="1711346971116" clover="3.2.0">
  <project timestamp="1711346971116" name="All files">
    <metrics statements="103" coveredstatements="98" conditionals="24" coveredconditionals="18" methods="43" coveredmethods="39" elements="170" coveredelements="155" complexity="0" loc="103" ncloc="103" packages="2" files="16" classes="16"/>
    <package name="components">
      <metrics statements="76" coveredstatements="74" conditionals="24" coveredconditionals="18" methods="33" coveredmethods="32"/>
      <file name="Body.js" path="E:\AkshaySaini_Frontend\NamasteReactCourse\Namaste_React_Repository\Namaste_React\Episode-13\src\components\Body.js">
        <metrics statements="25" coveredstatements="23" conditionals="6" coveredconditionals="5" methods="10" coveredmethods="9"/>
        <line num="9" count="1" type="stmt"/>
        <line num="10" count="7" type="stmt"/>
        <line num="11" count="7" type="stmt"/>
        <line num="13" count="7" type="stmt"/>
        <line num="15" count="7" type="stmt"/>
        <line num="17" count="7" type="stmt"/>
        <line num="21" count="7" type="stmt"/>
        <line num="22" count="2" type="stmt"/>
        <line num="25" count="7" type="stmt"/>
        <line num="26" count="2" type="stmt"/>
        <line num="31" count="2" type="stmt"/>
        <line num="32" count="2" type="stmt"/>
        <line num="33" count="2" type="stmt"/>
        <line num="36" count="7" type="stmt"/>
        <line num="37" count="7" type="cond" truecount="1" falsecount="1"/>
        <line num="38" count="0" type="stmt"/>
        <line num="45" count="7" type="cond" truecount="2" falsecount="0"/>
        <line num="52" count="1" type="stmt"/>
        <line num="57" count="1" type="stmt"/>
        <line num="58" count="20" type="stmt"/>
        <line num="60" count="1" type="stmt"/>
        <line num="67" count="20" type="stmt"/>
        <line num="68" count="1" type="stmt"/>
        <line num="77" count="0" type="stmt"/>
        <line num="86" count="66" type="stmt"/>
      </file>
      <file name="Cart.js" path="E:\AkshaySaini_Frontend\NamasteReactCourse\Namaste_React_Repository\Namaste_React\Episode-13\src\components\Cart.js">
        <metrics statements="6" coveredstatements="6" conditionals="2" coveredconditionals="2" methods="3" coveredmethods="3"/>
        <line num="6" count="1" type="stmt"/>
        <line num="7" count="8" type="stmt"/>
        <line num="9" count="4" type="stmt"/>
        <line num="11" count="4" type="stmt"/>
        <line num="12" count="1" type="stmt"/>
        <line num="16" count="4" type="stmt"/>
      </file>
      <file name="Contact.js" path="E:\AkshaySaini_Frontend\NamasteReactCourse\Namaste_React_Repository\Namaste_React\Episode-13\src\components\Contact.js">
        <metrics statements="2" coveredstatements="2" conditionals="0" coveredconditionals="0" methods="1" coveredmethods="1"/>
        <line num="2" count="1" type="stmt"/>
        <line num="3" count="4" type="stmt"/>
      </file>
      <file name="Header.js" path="E:\AkshaySaini_Frontend\NamasteReactCourse\Namaste_React_Repository\Namaste_React\Episode-13\src\components\Header.js">
        <metrics statements="8" coveredstatements="8" conditionals="4" coveredconditionals="2" methods="4" coveredmethods="4"/>
        <line num="9" count="2" type="stmt"/>
        <line num="10" count="8" type="stmt"/>
        <line num="12" count="8" type="stmt"/>
        <line num="15" count="8" type="stmt"/>
        <line num="18" count="8" type="stmt"/>
        <line num="21" count="15" type="stmt"/>
        <line num="23" count="8" type="stmt"/>
        <line num="50" count="1" type="cond" truecount="1" falsecount="1"/>
      </file>
      <file name="ItemList.js" path="E:\AkshaySaini_Frontend\NamasteReactCourse\Namaste_React_Repository\Namaste_React\Episode-13\src\components\ItemList.js">
        <metrics statements="7" coveredstatements="7" conditionals="2" coveredconditionals="1" methods="4" coveredmethods="4"/>
        <line num="5" count="1" type="stmt"/>
        <line num="8" count="5" type="stmt"/>
        <line num="10" count="5" type="stmt"/>
        <line num="12" count="2" type="stmt"/>
        <line num="16" count="5" type="stmt"/>
        <line num="19" count="11" type="stmt"/>
        <line num="38" count="2" type="stmt"/>
      </file>
      <file name="RestaurantCard.js" path="E:\AkshaySaini_Frontend\NamasteReactCourse\Namaste_React_Repository\Namaste_React\Episode-13\src\components\RestaurantCard.js">
        <metrics statements="7" coveredstatements="7" conditionals="0" coveredconditionals="0" methods="3" coveredmethods="3"/>
        <line num="3" count="2" type="stmt"/>
        <line num="4" count="67" type="stmt"/>
        <line num="7" count="67" type="stmt"/>
        <line num="8" count="67" type="stmt"/>
        <line num="27" count="2" type="stmt"/>
        <line num="28" count="7" type="stmt"/>
        <line num="29" count="47" type="stmt"/>
      </file>
      <file name="RestaurantCategory.js" path="E:\AkshaySaini_Frontend\NamasteReactCourse\Namaste_React_Repository\Namaste_React\Episode-13\src\components\RestaurantCategory.js">
        <metrics statements="4" coveredstatements="4" conditionals="4" coveredconditionals="4" methods="2" coveredmethods="2"/>
        <line num="4" count="1" type="stmt"/>
        <line num="7" count="38" type="stmt"/>
        <line num="8" count="1" type="stmt"/>
        <line num="11" count="38" type="stmt"/>
      </file>
      <file name="RestaurantMenu.js" path="E:\AkshaySaini_Frontend\NamasteReactCourse\Namaste_React_Repository\Namaste_React\Episode-13\src\components\RestaurantMenu.js">
        <metrics statements="13" coveredstatements="13" conditionals="6" coveredconditionals="4" methods="4" coveredmethods="4"/>
        <line num="7" count="1" type="stmt"/>
        <line num="10" count="3" type="stmt"/>
        <line num="12" count="3" type="stmt"/>
        <line num="14" count="3" type="stmt"/>
        <line num="20" count="3" type="cond" truecount="2" falsecount="0"/>
        <line num="22" count="2" type="stmt"/>
        <line num="23" count="2" type="stmt"/>
        <line num="25" count="2" type="cond" truecount="1" falsecount="1"/>
        <line num="28" count="2" type="stmt"/>
        <line num="29" count="44" type="stmt"/>
        <line num="33" count="2" type="stmt"/>
        <line num="39" count="38" type="stmt"/>
        <line num="44" count="1" type="cond" truecount="1" falsecount="1"/>
      </file>
      <file name="Shimmer.js" path="E:\AkshaySaini_Frontend\NamasteReactCourse\Namaste_React_Repository\Namaste_React\Episode-13\src\components\Shimmer.js">
        <metrics statements="2" coveredstatements="2" conditionals="0" coveredconditionals="0" methods="1" coveredmethods="1"/>
        <line num="1" count="2" type="stmt"/>
        <line num="2" count="3" type="stmt"/>
      </file>
      <file name="Sum.js" path="E:\AkshaySaini_Frontend\NamasteReactCourse\Namaste_React_Repository\Namaste_React\Episode-13\src\components\Sum.js">
        <metrics statements="2" coveredstatements="2" conditionals="0" coveredconditionals="0" methods="1" coveredmethods="1"/>
        <line num="1" count="1" type="stmt"/>
        <line num="2" count="1" type="stmt"/>
      </file>
    </package>
    <package name="utils">
      <metrics statements="27" coveredstatements="24" conditionals="0" coveredconditionals="0" methods="10" coveredmethods="7"/>
      <file name="UserContext.js" path="E:\AkshaySaini_Frontend\NamasteReactCourse\Namaste_React_Repository\Namaste_React\Episode-13\src\utils\UserContext.js">
        <metrics statements="1" coveredstatements="1" conditionals="0" coveredconditionals="0" methods="0" coveredmethods="0"/>
        <line num="3" count="3" type="stmt"/>
      </file>
      <file name="appStore.js" path="E:\AkshaySaini_Frontend\NamasteReactCourse\Namaste_React_Repository\Namaste_React\Episode-13\src\utils\appStore.js">
        <metrics statements="1" coveredstatements="1" conditionals="0" coveredconditionals="0" methods="0" coveredmethods="0"/>
        <line num="4" count="2" type="stmt"/>
      </file>
      <file name="cartSlice.js" path="E:\AkshaySaini_Frontend\NamasteReactCourse\Namaste_React_Repository\Namaste_React\Episode-13\src\utils\cartSlice.js">
        <metrics statements="5" coveredstatements="4" conditionals="0" coveredconditionals="0" methods="3" coveredmethods="2"/>
        <line num="3" count="2" type="stmt"/>
        <line num="11" count="2" type="stmt"/>
        <line num="14" count="0" type="stmt"/>
        <line num="17" count="1" type="stmt"/>
        <line num="22" count="2" type="stmt"/>
      </file>
      <file name="constants.js" path="E:\AkshaySaini_Frontend\NamasteReactCourse\Namaste_React_Repository\Namaste_React\Episode-13\src\utils\constants.js">
        <metrics statements="3" coveredstatements="3" conditionals="0" coveredconditionals="0" methods="0" coveredmethods="0"/>
        <line num="2" count="4" type="stmt"/>
        <line num="5" count="4" type="stmt"/>
        <line num="7" count="4" type="stmt"/>
      </file>
      <file name="useOnlineStatus.js" path="E:\AkshaySaini_Frontend\NamasteReactCourse\Namaste_React_Repository\Namaste_React\Episode-13\src\utils\useOnlineStatus.js">
        <metrics statements="8" coveredstatements="6" conditionals="0" coveredconditionals="0" methods="4" coveredmethods="2"/>
        <line num="3" count="3" type="stmt"/>
        <line num="4" count="15" type="stmt"/>
        <line num="6" count="15" type="stmt"/>
        <line num="7" count="6" type="stmt"/>
        <line num="8" count="0" type="stmt"/>
        <line num="11" count="6" type="stmt"/>
        <line num="12" count="0" type="stmt"/>
        <line num="17" count="15" type="stmt"/>
      </file>
      <file name="useRestaurantMenu.js" path="E:\AkshaySaini_Frontend\NamasteReactCourse\Namaste_React_Repository\Namaste_React\Episode-13\src\utils\useRestaurantMenu.js">
        <metrics statements="9" coveredstatements="9" conditionals="0" coveredconditionals="0" methods="3" coveredmethods="3"/>
        <line num="4" count="1" type="stmt"/>
        <line num="6" count="3" type="stmt"/>
        <line num="8" count="3" type="stmt"/>
        <line num="9" count="1" type="stmt"/>
        <line num="12" count="3" type="stmt"/>
        <line num="13" count="1" type="stmt"/>
        <line num="14" count="1" type="stmt"/>
        <line num="15" count="1" type="stmt"/>
        <line num="18" count="3" type="stmt"/>
      </file>
    </package>
  </project>
</coverage>
