{"E:\\AkshaySaini_Frontend\\NamasteReactCourse\\Namaste_React_Repository\\Namaste_React\\Episode-13\\src\\components\\Body.js": {"path":"E:\\AkshaySaini_Frontend\\NamasteReactCourse\\Namaste_React_Repository\\Namaste_React\\Episode-13\\src\\components\\Body.js","statementMap":{"0":{"start":{"line":9,"column":13},"end":{"line":101,"column":1}},"1":{"start":{"line":10,"column":54},"end":{"line":10,"column":66}},"2":{"start":{"line":11,"column":57},"end":{"line":11,"column":67}},"3":{"start":{"line":13,"column":39},"end":{"line":13,"column":51}},"4":{"start":{"line":15,"column":35},"end":{"line":15,"column":68}},"5":{"start":{"line":17,"column":40},"end":{"line":17,"column":63}},"6":{"start":{"line":21,"column":4},"end":{"line":23,"column":10}},"7":{"start":{"line":22,"column":8},"end":{"line":22,"column":20}},"8":{"start":{"line":25,"column":22},"end":{"line":34,"column":5}},"9":{"start":{"line":26,"column":21},"end":{"line":29,"column":9}},"10":{"start":{"line":31,"column":21},"end":{"line":31,"column":38}},"11":{"start":{"line":32,"column":8},"end":{"line":32,"column":105}},"12":{"start":{"line":33,"column":8},"end":{"line":33,"column":107}},"13":{"start":{"line":36,"column":25},"end":{"line":36,"column":42}},"14":{"start":{"line":37,"column":4},"end":{"line":41,"column":5}},"15":{"start":{"line":38,"column":8},"end":{"line":40,"column":13}},"16":{"start":{"line":45,"column":4},"end":{"line":100,"column":5}},"17":{"start":{"line":52,"column":59},"end":{"line":52,"column":88}},"18":{"start":{"line":57,"column":52},"end":{"line":58,"column":98}},"19":{"start":{"line":58,"column":28},"end":{"line":58,"column":96}},"20":{"start":{"line":60,"column":24},"end":{"line":60,"column":68}},"21":{"start":{"line":67,"column":44},"end":{"line":67,"column":100}},"22":{"start":{"line":67,"column":75},"end":{"line":67,"column":99}},"23":{"start":{"line":68,"column":24},"end":{"line":68,"column":60}},"24":{"start":{"line":77,"column":63},"end":{"line":77,"column":90}},"25":{"start":{"line":86,"column":24},"end":{"line":95,"column":31}}},"fnMap":{"0":{"name":"(anonymous_0)","decl":{"start":{"line":9,"column":13},"end":{"line":9,"column":14}},"loc":{"start":{"line":9,"column":18},"end":{"line":101,"column":1}},"line":9},"1":{"name":"(anonymous_1)","decl":{"start":{"line":21,"column":14},"end":{"line":21,"column":15}},"loc":{"start":{"line":21,"column":18},"end":{"line":23,"column":5}},"line":21},"2":{"name":"(anonymous_2)","decl":{"start":{"line":25,"column":22},"end":{"line":25,"column":23}},"loc":{"start":{"line":25,"column":31},"end":{"line":34,"column":5}},"line":25},"3":{"name":"(anonymous_3)","decl":{"start":{"line":52,"column":53},"end":{"line":52,"column":54}},"loc":{"start":{"line":52,"column":58},"end":{"line":52,"column":89}},"line":52},"4":{"name":"(anonymous_4)","decl":{"start":{"line":56,"column":37},"end":{"line":56,"column":38}},"loc":{"start":{"line":56,"column":41},"end":{"line":62,"column":21}},"line":56},"5":{"name":"(anonymous_5)","decl":{"start":{"line":57,"column":78},"end":{"line":57,"column":79}},"loc":{"start":{"line":58,"column":28},"end":{"line":58,"column":96}},"line":58},"6":{"name":"(anonymous_6)","decl":{"start":{"line":66,"column":38},"end":{"line":66,"column":39}},"loc":{"start":{"line":66,"column":42},"end":{"line":69,"column":21}},"line":66},"7":{"name":"(anonymous_7)","decl":{"start":{"line":67,"column":69},"end":{"line":67,"column":70}},"loc":{"start":{"line":67,"column":75},"end":{"line":67,"column":99}},"line":67},"8":{"name":"(anonymous_8)","decl":{"start":{"line":77,"column":57},"end":{"line":77,"column":58}},"loc":{"start":{"line":77,"column":63},"end":{"line":77,"column":90}},"line":77},"9":{"name":"(anonymous_9)","decl":{"start":{"line":85,"column":44},"end":{"line":85,"column":45}},"loc":{"start":{"line":86,"column":24},"end":{"line":95,"column":31}},"line":86}},"branchMap":{"0":{"loc":{"start":{"line":37,"column":4},"end":{"line":41,"column":5}},"type":"if","locations":[{"start":{"line":37,"column":4},"end":{"line":41,"column":5}},{"start":{},"end":{}}],"line":37},"1":{"loc":{"start":{"line":45,"column":11},"end":{"line":100,"column":5}},"type":"cond-expr","locations":[{"start":{"line":45,"column":44},"end":{"line":45,"column":54}},{"start":{"line":46,"column":8},"end":{"line":99,"column":14}}],"line":45},"2":{"loc":{"start":{"line":89,"column":29},"end":{"line":93,"column":29}},"type":"cond-expr","locations":[{"start":{"line":90,"column":32},"end":{"line":90,"column":78}},{"start":{"line":92,"column":32},"end":{"line":92,"column":70}}],"line":89}},"s":{"0":1,"1":7,"2":7,"3":7,"4":7,"5":7,"6":7,"7":2,"8":7,"9":2,"10":2,"11":2,"12":2,"13":7,"14":7,"15":0,"16":7,"17":1,"18":1,"19":20,"20":1,"21":1,"22":20,"23":1,"24":0,"25":66},"f":{"0":7,"1":2,"2":2,"3":1,"4":1,"5":20,"6":1,"7":20,"8":0,"9":66},"b":{"0":[0,7],"1":[2,5],"2":[47,19]},"_coverageSchema":"1a1c01bbd47fc00a2c39e90264f33305004495a9","hash":"bab786560cc89de674e10052a3c63d73d1ee2ef1"}
,"E:\\AkshaySaini_Frontend\\NamasteReactCourse\\Namaste_React_Repository\\Namaste_React\\Episode-13\\src\\components\\Cart.js": {"path":"E:\\AkshaySaini_Frontend\\NamasteReactCourse\\Namaste_React_Repository\\Namaste_React\\Episode-13\\src\\components\\Cart.js","statementMap":{"0":{"start":{"line":6,"column":13},"end":{"line":32,"column":1}},"1":{"start":{"line":7,"column":22},"end":{"line":7,"column":60}},"2":{"start":{"line":7,"column":43},"end":{"line":7,"column":59}},"3":{"start":{"line":9,"column":21},"end":{"line":9,"column":34}},"4":{"start":{"line":11,"column":28},"end":{"line":14,"column":5}},"5":{"start":{"line":12,"column":8},"end":{"line":12,"column":30}},"6":{"start":{"line":16,"column":4},"end":{"line":31,"column":6}}},"fnMap":{"0":{"name":"(anonymous_0)","decl":{"start":{"line":6,"column":13},"end":{"line":6,"column":14}},"loc":{"start":{"line":6,"column":17},"end":{"line":32,"column":1}},"line":6},"1":{"name":"(anonymous_1)","decl":{"start":{"line":7,"column":34},"end":{"line":7,"column":35}},"loc":{"start":{"line":7,"column":43},"end":{"line":7,"column":59}},"line":7},"2":{"name":"(anonymous_2)","decl":{"start":{"line":11,"column":28},"end":{"line":11,"column":29}},"loc":{"start":{"line":11,"column":32},"end":{"line":14,"column":5}},"line":11}},"branchMap":{"0":{"loc":{"start":{"line":27,"column":17},"end":{"line":27,"column":88}},"type":"binary-expr","locations":[{"start":{"line":27,"column":17},"end":{"line":27,"column":39}},{"start":{"line":27,"column":43},"end":{"line":27,"column":88}}],"line":27}},"s":{"0":1,"1":4,"2":8,"3":4,"4":4,"5":1,"6":4},"f":{"0":4,"1":8,"2":1},"b":{"0":[4,2]},"_coverageSchema":"1a1c01bbd47fc00a2c39e90264f33305004495a9","hash":"63fbc0523adfcf7bbf0a6abb3d63761cce28c69f"}
,"E:\\AkshaySaini_Frontend\\NamasteReactCourse\\Namaste_React_Repository\\Namaste_React\\Episode-13\\src\\components\\Contact.js": {"path":"E:\\AkshaySaini_Frontend\\NamasteReactCourse\\Namaste_React_Repository\\Namaste_React\\Episode-13\\src\\components\\Contact.js","statementMap":{"0":{"start":{"line":2,"column":16},"end":{"line":23,"column":3}},"1":{"start":{"line":3,"column":4},"end":{"line":22,"column":6}}},"fnMap":{"0":{"name":"(anonymous_0)","decl":{"start":{"line":2,"column":16},"end":{"line":2,"column":17}},"loc":{"start":{"line":2,"column":22},"end":{"line":23,"column":3}},"line":2}},"branchMap":{},"s":{"0":1,"1":4},"f":{"0":4},"b":{},"_coverageSchema":"1a1c01bbd47fc00a2c39e90264f33305004495a9","hash":"ca62461d55f22d32406cc4086da51e4831994469"}
,"E:\\AkshaySaini_Frontend\\NamasteReactCourse\\Namaste_React_Repository\\Namaste_React\\Episode-13\\src\\components\\Header.js": {"path":"E:\\AkshaySaini_Frontend\\NamasteReactCourse\\Namaste_React_Repository\\Namaste_React\\Episode-13\\src\\components\\Header.js","statementMap":{"0":{"start":{"line":9,"column":15},"end":{"line":58,"column":1}},"1":{"start":{"line":10,"column":34},"end":{"line":10,"column":51}},"2":{"start":{"line":12,"column":25},"end":{"line":12,"column":42}},"3":{"start":{"line":15,"column":4},"end":{"line":16,"column":17}},"4":{"start":{"line":18,"column":27},"end":{"line":18,"column":50}},"5":{"start":{"line":21,"column":22},"end":{"line":21,"column":60}},"6":{"start":{"line":21,"column":43},"end":{"line":21,"column":59}},"7":{"start":{"line":23,"column":4},"end":{"line":57,"column":5}},"8":{"start":{"line":50,"column":24},"end":{"line":50,"column":89}}},"fnMap":{"0":{"name":"(anonymous_0)","decl":{"start":{"line":9,"column":15},"end":{"line":9,"column":16}},"loc":{"start":{"line":9,"column":19},"end":{"line":58,"column":1}},"line":9},"1":{"name":"(anonymous_1)","decl":{"start":{"line":15,"column":14},"end":{"line":15,"column":15}},"loc":{"start":{"line":15,"column":18},"end":{"line":16,"column":5}},"line":15},"2":{"name":"(anonymous_2)","decl":{"start":{"line":21,"column":34},"end":{"line":21,"column":35}},"loc":{"start":{"line":21,"column":43},"end":{"line":21,"column":59}},"line":21},"3":{"name":"(anonymous_3)","decl":{"start":{"line":49,"column":37},"end":{"line":49,"column":38}},"loc":{"start":{"line":49,"column":41},"end":{"line":51,"column":21}},"line":49}},"branchMap":{"0":{"loc":{"start":{"line":30,"column":58},"end":{"line":30,"column":84}},"type":"cond-expr","locations":[{"start":{"line":30,"column":73},"end":{"line":30,"column":77}},{"start":{"line":30,"column":80},"end":{"line":30,"column":84}}],"line":30},"1":{"loc":{"start":{"line":50,"column":24},"end":{"line":50,"column":88}},"type":"cond-expr","locations":[{"start":{"line":50,"column":46},"end":{"line":50,"column":66}},{"start":{"line":50,"column":69},"end":{"line":50,"column":88}}],"line":50}},"s":{"0":2,"1":8,"2":8,"3":8,"4":8,"5":8,"6":15,"7":8,"8":1},"f":{"0":8,"1":5,"2":15,"3":1},"b":{"0":[8,0],"1":[1,0]},"_coverageSchema":"1a1c01bbd47fc00a2c39e90264f33305004495a9","hash":"e1334a83d7d6ea08d4832d59e5bd481d5cf9b809"}
,"E:\\AkshaySaini_Frontend\\NamasteReactCourse\\Namaste_React_Repository\\Namaste_React\\Episode-13\\src\\components\\ItemList.js": {"path":"E:\\AkshaySaini_Frontend\\NamasteReactCourse\\Namaste_React_Repository\\Namaste_React\\Episode-13\\src\\components\\ItemList.js","statementMap":{"0":{"start":{"line":5,"column":17},"end":{"line":47,"column":1}},"1":{"start":{"line":8,"column":21},"end":{"line":8,"column":34}},"2":{"start":{"line":10,"column":26},"end":{"line":14,"column":5}},"3":{"start":{"line":12,"column":8},"end":{"line":12,"column":34}},"4":{"start":{"line":16,"column":4},"end":{"line":46,"column":5}},"5":{"start":{"line":19,"column":16},"end":{"line":43,"column":22}},"6":{"start":{"line":38,"column":49},"end":{"line":38,"column":68}}},"fnMap":{"0":{"name":"(anonymous_0)","decl":{"start":{"line":5,"column":17},"end":{"line":5,"column":18}},"loc":{"start":{"line":5,"column":28},"end":{"line":47,"column":1}},"line":5},"1":{"name":"(anonymous_1)","decl":{"start":{"line":10,"column":26},"end":{"line":10,"column":27}},"loc":{"start":{"line":10,"column":34},"end":{"line":14,"column":5}},"line":10},"2":{"name":"(anonymous_2)","decl":{"start":{"line":18,"column":23},"end":{"line":18,"column":24}},"loc":{"start":{"line":19,"column":16},"end":{"line":43,"column":22}},"line":19},"3":{"name":"(anonymous_3)","decl":{"start":{"line":38,"column":45},"end":{"line":38,"column":46}},"loc":{"start":{"line":38,"column":49},"end":{"line":38,"column":68}},"line":38}},"branchMap":{"0":{"loc":{"start":{"line":28,"column":40},"end":{"line":30,"column":67}},"type":"cond-expr","locations":[{"start":{"line":29,"column":35},"end":{"line":29,"column":59}},{"start":{"line":30,"column":35},"end":{"line":30,"column":66}}],"line":28}},"s":{"0":1,"1":5,"2":5,"3":2,"4":5,"5":11,"6":2},"f":{"0":5,"1":2,"2":11,"3":2},"b":{"0":[11,0]},"_coverageSchema":"1a1c01bbd47fc00a2c39e90264f33305004495a9","hash":"44bb85639b2456942843a65eac1070bbd8bf633a"}
,"E:\\AkshaySaini_Frontend\\NamasteReactCourse\\Namaste_React_Repository\\Namaste_React\\Episode-13\\src\\components\\RestaurantCard.js": {"path":"E:\\AkshaySaini_Frontend\\NamasteReactCourse\\Namaste_React_Repository\\Namaste_React\\Episode-13\\src\\components\\RestaurantCard.js","statementMap":{"0":{"start":{"line":3,"column":23},"end":{"line":22,"column":1}},"1":{"start":{"line":4,"column":22},"end":{"line":4,"column":27}},"2":{"start":{"line":7,"column":76},"end":{"line":7,"column":89}},"3":{"start":{"line":8,"column":4},"end":{"line":21,"column":5}},"4":{"start":{"line":27,"column":33},"end":{"line":36,"column":1}},"5":{"start":{"line":28,"column":4},"end":{"line":35,"column":5}},"6":{"start":{"line":29,"column":8},"end":{"line":34,"column":9}}},"fnMap":{"0":{"name":"(anonymous_0)","decl":{"start":{"line":3,"column":23},"end":{"line":3,"column":24}},"loc":{"start":{"line":3,"column":32},"end":{"line":22,"column":1}},"line":3},"1":{"name":"(anonymous_1)","decl":{"start":{"line":27,"column":33},"end":{"line":27,"column":34}},"loc":{"start":{"line":27,"column":51},"end":{"line":36,"column":1}},"line":27},"2":{"name":"(anonymous_2)","decl":{"start":{"line":28,"column":11},"end":{"line":28,"column":12}},"loc":{"start":{"line":28,"column":20},"end":{"line":35,"column":5}},"line":28}},"branchMap":{},"s":{"0":2,"1":67,"2":67,"3":67,"4":2,"5":7,"6":47},"f":{"0":67,"1":7,"2":47},"b":{},"_coverageSchema":"1a1c01bbd47fc00a2c39e90264f33305004495a9","hash":"6fddafac92dae78d45fc22af2dd77d8c395be350"}
,"E:\\AkshaySaini_Frontend\\NamasteReactCourse\\Namaste_React_Repository\\Namaste_React\\Episode-13\\src\\components\\RestaurantCategory.js": {"path":"E:\\AkshaySaini_Frontend\\NamasteReactCourse\\Namaste_React_Repository\\Namaste_React\\Episode-13\\src\\components\\RestaurantCategory.js","statementMap":{"0":{"start":{"line":4,"column":27},"end":{"line":30,"column":1}},"1":{"start":{"line":7,"column":24},"end":{"line":10,"column":5}},"2":{"start":{"line":8,"column":8},"end":{"line":8,"column":23}},"3":{"start":{"line":11,"column":4},"end":{"line":29,"column":10}}},"fnMap":{"0":{"name":"(anonymous_0)","decl":{"start":{"line":4,"column":27},"end":{"line":4,"column":28}},"loc":{"start":{"line":4,"column":61},"end":{"line":30,"column":1}},"line":4},"1":{"name":"(anonymous_1)","decl":{"start":{"line":7,"column":24},"end":{"line":7,"column":25}},"loc":{"start":{"line":7,"column":28},"end":{"line":10,"column":5}},"line":7}},"branchMap":{"0":{"loc":{"start":{"line":20,"column":23},"end":{"line":20,"column":46}},"type":"cond-expr","locations":[{"start":{"line":20,"column":35},"end":{"line":20,"column":39}},{"start":{"line":20,"column":42},"end":{"line":20,"column":46}}],"line":20},"1":{"loc":{"start":{"line":23,"column":14},"end":{"line":23,"column":62}},"type":"binary-expr","locations":[{"start":{"line":23,"column":14},"end":{"line":23,"column":23}},{"start":{"line":23,"column":27},"end":{"line":23,"column":62}}],"line":23}},"s":{"0":1,"1":38,"2":1,"3":38},"f":{"0":38,"1":1},"b":{"0":[1,37],"1":[38,1]},"_coverageSchema":"1a1c01bbd47fc00a2c39e90264f33305004495a9","hash":"1200ad9a42199f2becfc59df4189f0e05d24f0dc"}
,"E:\\AkshaySaini_Frontend\\NamasteReactCourse\\Namaste_React_Repository\\Namaste_React\\Episode-13\\src\\components\\RestaurantMenu.js": {"path":"E:\\AkshaySaini_Frontend\\NamasteReactCourse\\Namaste_React_Repository\\Namaste_React\\Episode-13\\src\\components\\RestaurantMenu.js","statementMap":{"0":{"start":{"line":7,"column":23},"end":{"line":51,"column":1}},"1":{"start":{"line":10,"column":20},"end":{"line":10,"column":31}},"2":{"start":{"line":12,"column":20},"end":{"line":12,"column":44}},"3":{"start":{"line":14,"column":37},"end":{"line":14,"column":51}},"4":{"start":{"line":20,"column":4},"end":{"line":20,"column":40}},"5":{"start":{"line":20,"column":23},"end":{"line":20,"column":40}},"6":{"start":{"line":22,"column":47},"end":{"line":22,"column":82}},"7":{"start":{"line":23,"column":17},"end":{"line":23,"column":70}},"8":{"start":{"line":25,"column":24},"end":{"line":25,"column":123}},"9":{"start":{"line":28,"column":23},"end":{"line":30,"column":5}},"10":{"start":{"line":29,"column":13},"end":{"line":29,"column":103}},"11":{"start":{"line":33,"column":4},"end":{"line":50,"column":6}},"12":{"start":{"line":39,"column":16},"end":{"line":46,"column":18}},"13":{"start":{"line":44,"column":40},"end":{"line":44,"column":85}}},"fnMap":{"0":{"name":"(anonymous_0)","decl":{"start":{"line":7,"column":23},"end":{"line":7,"column":24}},"loc":{"start":{"line":7,"column":27},"end":{"line":51,"column":1}},"line":7},"1":{"name":"(anonymous_1)","decl":{"start":{"line":29,"column":8},"end":{"line":29,"column":9}},"loc":{"start":{"line":29,"column":13},"end":{"line":29,"column":103}},"line":29},"2":{"name":"(anonymous_2)","decl":{"start":{"line":38,"column":28},"end":{"line":38,"column":29}},"loc":{"start":{"line":39,"column":16},"end":{"line":46,"column":18}},"line":39},"3":{"name":"(anonymous_3)","decl":{"start":{"line":44,"column":36},"end":{"line":44,"column":37}},"loc":{"start":{"line":44,"column":40},"end":{"line":44,"column":85}},"line":44}},"branchMap":{"0":{"loc":{"start":{"line":20,"column":4},"end":{"line":20,"column":40}},"type":"if","locations":[{"start":{"line":20,"column":4},"end":{"line":20,"column":40}},{"start":{},"end":{}}],"line":20},"1":{"loc":{"start":{"line":25,"column":24},"end":{"line":25,"column":123}},"type":"cond-expr","locations":[{"start":{"line":25,"column":51},"end":{"line":25,"column":77}},{"start":{"line":25,"column":82},"end":{"line":25,"column":122}}],"line":25},"2":{"loc":{"start":{"line":44,"column":53},"end":{"line":44,"column":84}},"type":"cond-expr","locations":[{"start":{"line":44,"column":73},"end":{"line":44,"column":77}},{"start":{"line":44,"column":79},"end":{"line":44,"column":84}}],"line":44}},"s":{"0":1,"1":3,"2":3,"3":3,"4":3,"5":1,"6":2,"7":2,"8":2,"9":2,"10":44,"11":2,"12":38,"13":1},"f":{"0":3,"1":44,"2":38,"3":1},"b":{"0":[1,2],"1":[2,0],"2":[0,1]},"_coverageSchema":"1a1c01bbd47fc00a2c39e90264f33305004495a9","hash":"603ca9950e71a2bdace1b661926ad9f7b58da35e"}
,"E:\\AkshaySaini_Frontend\\NamasteReactCourse\\Namaste_React_Repository\\Namaste_React\\Episode-13\\src\\components\\Shimmer.js": {"path":"E:\\AkshaySaini_Frontend\\NamasteReactCourse\\Namaste_React_Repository\\Namaste_React\\Episode-13\\src\\components\\Shimmer.js","statementMap":{"0":{"start":{"line":1,"column":16},"end":{"line":24,"column":1}},"1":{"start":{"line":2,"column":4},"end":{"line":23,"column":5}}},"fnMap":{"0":{"name":"(anonymous_0)","decl":{"start":{"line":1,"column":16},"end":{"line":1,"column":17}},"loc":{"start":{"line":1,"column":20},"end":{"line":24,"column":1}},"line":1}},"branchMap":{},"s":{"0":2,"1":3},"f":{"0":3},"b":{},"_coverageSchema":"1a1c01bbd47fc00a2c39e90264f33305004495a9","hash":"a8f401d8d68b454a75d71718fa93eab8cdc46244"}
,"E:\\AkshaySaini_Frontend\\NamasteReactCourse\\Namaste_React_Repository\\Namaste_React\\Episode-13\\src\\components\\Sum.js": {"path":"E:\\AkshaySaini_Frontend\\NamasteReactCourse\\Namaste_React_Repository\\Namaste_React\\Episode-13\\src\\components\\Sum.js","statementMap":{"0":{"start":{"line":1,"column":19},"end":{"line":3,"column":1}},"1":{"start":{"line":2,"column":4},"end":{"line":2,"column":15}}},"fnMap":{"0":{"name":"(anonymous_0)","decl":{"start":{"line":1,"column":19},"end":{"line":1,"column":20}},"loc":{"start":{"line":1,"column":27},"end":{"line":3,"column":1}},"line":1}},"branchMap":{},"s":{"0":1,"1":1},"f":{"0":1},"b":{},"_coverageSchema":"1a1c01bbd47fc00a2c39e90264f33305004495a9","hash":"3019ef0b5a8a8f9a164d1e8b9dab6cd4d5950178"}
,"E:\\AkshaySaini_Frontend\\NamasteReactCourse\\Namaste_React_Repository\\Namaste_React\\Episode-13\\src\\utils\\UserContext.js": {"path":"E:\\AkshaySaini_Frontend\\NamasteReactCourse\\Namaste_React_Repository\\Namaste_React\\Episode-13\\src\\utils\\UserContext.js","statementMap":{"0":{"start":{"line":3,"column":20},"end":{"line":5,"column":2}}},"fnMap":{},"branchMap":{},"s":{"0":3},"f":{},"b":{},"_coverageSchema":"1a1c01bbd47fc00a2c39e90264f33305004495a9","hash":"738acabe812ca31b3c66a1f8c375bc52b95a8966"}
,"E:\\AkshaySaini_Frontend\\NamasteReactCourse\\Namaste_React_Repository\\Namaste_React\\Episode-13\\src\\utils\\appStore.js": {"path":"E:\\AkshaySaini_Frontend\\NamasteReactCourse\\Namaste_React_Repository\\Namaste_React\\Episode-13\\src\\utils\\appStore.js","statementMap":{"0":{"start":{"line":4,"column":17},"end":{"line":9,"column":2}}},"fnMap":{},"branchMap":{},"s":{"0":2},"f":{},"b":{},"_coverageSchema":"1a1c01bbd47fc00a2c39e90264f33305004495a9","hash":"b006e18397ad040f9f2b623f1e868c25a14362c6"}
,"E:\\AkshaySaini_Frontend\\NamasteReactCourse\\Namaste_React_Repository\\Namaste_React\\Episode-13\\src\\utils\\cartSlice.js": {"path":"E:\\AkshaySaini_Frontend\\NamasteReactCourse\\Namaste_React_Repository\\Namaste_React\\Episode-13\\src\\utils\\cartSlice.js","statementMap":{"0":{"start":{"line":3,"column":18},"end":{"line":20,"column":2}},"1":{"start":{"line":11,"column":12},"end":{"line":11,"column":45}},"2":{"start":{"line":14,"column":12},"end":{"line":14,"column":30}},"3":{"start":{"line":17,"column":12},"end":{"line":17,"column":35}},"4":{"start":{"line":22,"column":47},"end":{"line":22,"column":64}}},"fnMap":{"0":{"name":"(anonymous_0)","decl":{"start":{"line":9,"column":18},"end":{"line":9,"column":19}},"loc":{"start":{"line":9,"column":35},"end":{"line":12,"column":9}},"line":9},"1":{"name":"(anonymous_1)","decl":{"start":{"line":13,"column":21},"end":{"line":13,"column":22}},"loc":{"start":{"line":13,"column":38},"end":{"line":15,"column":9}},"line":13},"2":{"name":"(anonymous_2)","decl":{"start":{"line":16,"column":20},"end":{"line":16,"column":21}},"loc":{"start":{"line":16,"column":37},"end":{"line":18,"column":9}},"line":16}},"branchMap":{},"s":{"0":2,"1":2,"2":0,"3":1,"4":2},"f":{"0":2,"1":0,"2":1},"b":{},"_coverageSchema":"1a1c01bbd47fc00a2c39e90264f33305004495a9","hash":"aefde514d333f97fa94755bc197819ae9b30571c"}
,"E:\\AkshaySaini_Frontend\\NamasteReactCourse\\Namaste_React_Repository\\Namaste_React\\Episode-13\\src\\utils\\constants.js": {"path":"E:\\AkshaySaini_Frontend\\NamasteReactCourse\\Namaste_React_Repository\\Namaste_React\\Episode-13\\src\\utils\\constants.js","statementMap":{"0":{"start":{"line":2,"column":4},"end":{"line":2,"column":87}},"1":{"start":{"line":5,"column":4},"end":{"line":5,"column":76}},"2":{"start":{"line":7,"column":24},"end":{"line":7,"column":153}}},"fnMap":{},"branchMap":{},"s":{"0":4,"1":4,"2":4},"f":{},"b":{},"_coverageSchema":"1a1c01bbd47fc00a2c39e90264f33305004495a9","hash":"806df3be3fdaebe40e678dc1d0736759e0aac32e"}
,"E:\\AkshaySaini_Frontend\\NamasteReactCourse\\Namaste_React_Repository\\Namaste_React\\Episode-13\\src\\utils\\useOnlineStatus.js": {"path":"E:\\AkshaySaini_Frontend\\NamasteReactCourse\\Namaste_React_Repository\\Namaste_React\\Episode-13\\src\\utils\\useOnlineStatus.js","statementMap":{"0":{"start":{"line":3,"column":24},"end":{"line":18,"column":1}},"1":{"start":{"line":4,"column":43},"end":{"line":4,"column":57}},"2":{"start":{"line":6,"column":4},"end":{"line":16,"column":9}},"3":{"start":{"line":7,"column":8},"end":{"line":9,"column":10}},"4":{"start":{"line":8,"column":12},"end":{"line":8,"column":35}},"5":{"start":{"line":11,"column":8},"end":{"line":13,"column":10}},"6":{"start":{"line":12,"column":12},"end":{"line":12,"column":34}},"7":{"start":{"line":17,"column":4},"end":{"line":17,"column":24}}},"fnMap":{"0":{"name":"(anonymous_0)","decl":{"start":{"line":3,"column":24},"end":{"line":3,"column":25}},"loc":{"start":{"line":3,"column":28},"end":{"line":18,"column":1}},"line":3},"1":{"name":"(anonymous_1)","decl":{"start":{"line":6,"column":14},"end":{"line":6,"column":15}},"loc":{"start":{"line":6,"column":18},"end":{"line":16,"column":5}},"line":6},"2":{"name":"(anonymous_2)","decl":{"start":{"line":7,"column":44},"end":{"line":7,"column":45}},"loc":{"start":{"line":7,"column":48},"end":{"line":9,"column":9}},"line":7},"3":{"name":"(anonymous_3)","decl":{"start":{"line":11,"column":43},"end":{"line":11,"column":44}},"loc":{"start":{"line":11,"column":47},"end":{"line":13,"column":9}},"line":11}},"branchMap":{},"s":{"0":3,"1":15,"2":15,"3":6,"4":0,"5":6,"6":0,"7":15},"f":{"0":15,"1":6,"2":0,"3":0},"b":{},"_coverageSchema":"1a1c01bbd47fc00a2c39e90264f33305004495a9","hash":"bbfe8c5bbe434b72717fe4a74e81848bf88fbabe"}
,"E:\\AkshaySaini_Frontend\\NamasteReactCourse\\Namaste_React_Repository\\Namaste_React\\Episode-13\\src\\utils\\useRestaurantMenu.js": {"path":"E:\\AkshaySaini_Frontend\\NamasteReactCourse\\Namaste_React_Repository\\Namaste_React\\Episode-13\\src\\utils\\useRestaurantMenu.js","statementMap":{"0":{"start":{"line":4,"column":26},"end":{"line":19,"column":1}},"1":{"start":{"line":6,"column":33},"end":{"line":6,"column":47}},"2":{"start":{"line":8,"column":4},"end":{"line":10,"column":9}},"3":{"start":{"line":9,"column":8},"end":{"line":9,"column":20}},"4":{"start":{"line":12,"column":22},"end":{"line":16,"column":5}},"5":{"start":{"line":13,"column":22},"end":{"line":13,"column":51}},"6":{"start":{"line":14,"column":21},"end":{"line":14,"column":38}},"7":{"start":{"line":15,"column":8},"end":{"line":15,"column":30}},"8":{"start":{"line":18,"column":4},"end":{"line":18,"column":19}}},"fnMap":{"0":{"name":"(anonymous_0)","decl":{"start":{"line":4,"column":26},"end":{"line":4,"column":27}},"loc":{"start":{"line":4,"column":35},"end":{"line":19,"column":1}},"line":4},"1":{"name":"(anonymous_1)","decl":{"start":{"line":8,"column":14},"end":{"line":8,"column":15}},"loc":{"start":{"line":8,"column":18},"end":{"line":10,"column":5}},"line":8},"2":{"name":"(anonymous_2)","decl":{"start":{"line":12,"column":22},"end":{"line":12,"column":23}},"loc":{"start":{"line":12,"column":32},"end":{"line":16,"column":5}},"line":12}},"branchMap":{},"s":{"0":1,"1":3,"2":3,"3":1,"4":3,"5":1,"6":1,"7":1,"8":3},"f":{"0":3,"1":1,"2":1},"b":{},"_coverageSchema":"1a1c01bbd47fc00a2c39e90264f33305004495a9","hash":"21587bfeae0c6bb0272779bbd113226348fc71d7"}
}
