TN:
SF:src\components\Body.js
FN:9,(anonymous_0)
FN:21,(anonymous_1)
FN:25,(anonymous_2)
FN:52,(anonymous_3)
FN:56,(anonymous_4)
FN:57,(anonymous_5)
FN:66,(anonymous_6)
FN:67,(anonymous_7)
FN:77,(anonymous_8)
FN:85,(anonymous_9)
FNF:10
FNH:9
FNDA:7,(anonymous_0)
FNDA:2,(anonymous_1)
FNDA:2,(anonymous_2)
FNDA:1,(anonymous_3)
FNDA:1,(anonymous_4)
FNDA:20,(anonymous_5)
FNDA:1,(anonymous_6)
FNDA:20,(anonymous_7)
FNDA:0,(anonymous_8)
FNDA:66,(anonymous_9)
DA:9,1
DA:10,7
DA:11,7
DA:13,7
DA:15,7
DA:17,7
DA:21,7
DA:22,2
DA:25,7
DA:26,2
DA:31,2
DA:32,2
DA:33,2
DA:36,7
DA:37,7
DA:38,0
DA:45,7
DA:52,1
DA:57,1
DA:58,20
DA:60,1
DA:67,20
DA:68,1
DA:77,0
DA:86,66
LF:25
LH:23
BRDA:37,0,0,0
BRDA:37,0,1,7
BRDA:45,1,0,2
BRDA:45,1,1,5
BRDA:89,2,0,47
BRDA:89,2,1,19
BRF:6
BRH:5
end_of_record
TN:
SF:src\components\Cart.js
FN:6,(anonymous_0)
FN:7,(anonymous_1)
FN:11,(anonymous_2)
FNF:3
FNH:3
FNDA:4,(anonymous_0)
FNDA:8,(anonymous_1)
FNDA:1,(anonymous_2)
DA:6,1
DA:7,8
DA:9,4
DA:11,4
DA:12,1
DA:16,4
LF:6
LH:6
BRDA:27,0,0,4
BRDA:27,0,1,2
BRF:2
BRH:2
end_of_record
TN:
SF:src\components\Contact.js
FN:2,(anonymous_0)
FNF:1
FNH:1
FNDA:4,(anonymous_0)
DA:2,1
DA:3,4
LF:2
LH:2
BRF:0
BRH:0
end_of_record
TN:
SF:src\components\Header.js
FN:9,(anonymous_0)
FN:15,(anonymous_1)
FN:21,(anonymous_2)
FN:49,(anonymous_3)
FNF:4
FNH:4
FNDA:8,(anonymous_0)
FNDA:5,(anonymous_1)
FNDA:15,(anonymous_2)
FNDA:1,(anonymous_3)
DA:9,2
DA:10,8
DA:12,8
DA:15,8
DA:18,8
DA:21,15
DA:23,8
DA:50,1
LF:8
LH:8
BRDA:30,0,0,8
BRDA:30,0,1,0
BRDA:50,1,0,1
BRDA:50,1,1,0
BRF:4
BRH:2
end_of_record
TN:
SF:src\components\ItemList.js
FN:5,(anonymous_0)
FN:10,(anonymous_1)
FN:18,(anonymous_2)
FN:38,(anonymous_3)
FNF:4
FNH:4
FNDA:5,(anonymous_0)
FNDA:2,(anonymous_1)
FNDA:11,(anonymous_2)
FNDA:2,(anonymous_3)
DA:5,1
DA:8,5
DA:10,5
DA:12,2
DA:16,5
DA:19,11
DA:38,2
LF:7
LH:7
BRDA:28,0,0,11
BRDA:28,0,1,0
BRF:2
BRH:1
end_of_record
TN:
SF:src\components\RestaurantCard.js
FN:3,(anonymous_0)
FN:27,(anonymous_1)
FN:28,(anonymous_2)
FNF:3
FNH:3
FNDA:67,(anonymous_0)
FNDA:7,(anonymous_1)
FNDA:47,(anonymous_2)
DA:3,2
DA:4,67
DA:7,67
DA:8,67
DA:27,2
DA:28,7
DA:29,47
LF:7
LH:7
BRF:0
BRH:0
end_of_record
TN:
SF:src\components\RestaurantCategory.js
FN:4,(anonymous_0)
FN:7,(anonymous_1)
FNF:2
FNH:2
FNDA:38,(anonymous_0)
FNDA:1,(anonymous_1)
DA:4,1
DA:7,38
DA:8,1
DA:11,38
LF:4
LH:4
BRDA:20,0,0,1
BRDA:20,0,1,37
BRDA:23,1,0,38
BRDA:23,1,1,1
BRF:4
BRH:4
end_of_record
TN:
SF:src\components\RestaurantMenu.js
FN:7,(anonymous_0)
FN:29,(anonymous_1)
FN:38,(anonymous_2)
FN:44,(anonymous_3)
FNF:4
FNH:4
FNDA:3,(anonymous_0)
FNDA:44,(anonymous_1)
FNDA:38,(anonymous_2)
FNDA:1,(anonymous_3)
DA:7,1
DA:10,3
DA:12,3
DA:14,3
DA:20,3
DA:22,2
DA:23,2
DA:25,2
DA:28,2
DA:29,44
DA:33,2
DA:39,38
DA:44,1
LF:13
LH:13
BRDA:20,0,0,1
BRDA:20,0,1,2
BRDA:25,1,0,2
BRDA:25,1,1,0
BRDA:44,2,0,0
BRDA:44,2,1,1
BRF:6
BRH:4
end_of_record
TN:
SF:src\components\Shimmer.js
FN:1,(anonymous_0)
FNF:1
FNH:1
FNDA:3,(anonymous_0)
DA:1,2
DA:2,3
LF:2
LH:2
BRF:0
BRH:0
end_of_record
TN:
SF:src\components\Sum.js
FN:1,(anonymous_0)
FNF:1
FNH:1
FNDA:1,(anonymous_0)
DA:1,1
DA:2,1
LF:2
LH:2
BRF:0
BRH:0
end_of_record
TN:
SF:src\utils\UserContext.js
FNF:0
FNH:0
DA:3,3
LF:1
LH:1
BRF:0
BRH:0
end_of_record
TN:
SF:src\utils\appStore.js
FNF:0
FNH:0
DA:4,2
LF:1
LH:1
BRF:0
BRH:0
end_of_record
TN:
SF:src\utils\cartSlice.js
FN:9,(anonymous_0)
FN:13,(anonymous_1)
FN:16,(anonymous_2)
FNF:3
FNH:2
FNDA:2,(anonymous_0)
FNDA:0,(anonymous_1)
FNDA:1,(anonymous_2)
DA:3,2
DA:11,2
DA:14,0
DA:17,1
DA:22,2
LF:5
LH:4
BRF:0
BRH:0
end_of_record
TN:
SF:src\utils\constants.js
FNF:0
FNH:0
DA:2,4
DA:5,4
DA:7,4
LF:3
LH:3
BRF:0
BRH:0
end_of_record
TN:
SF:src\utils\useOnlineStatus.js
FN:3,(anonymous_0)
FN:6,(anonymous_1)
FN:7,(anonymous_2)
FN:11,(anonymous_3)
FNF:4
FNH:2
FNDA:15,(anonymous_0)
FNDA:6,(anonymous_1)
FNDA:0,(anonymous_2)
FNDA:0,(anonymous_3)
DA:3,3
DA:4,15
DA:6,15
DA:7,6
DA:8,0
DA:11,6
DA:12,0
DA:17,15
LF:8
LH:6
BRF:0
BRH:0
end_of_record
TN:
SF:src\utils\useRestaurantMenu.js
FN:4,(anonymous_0)
FN:8,(anonymous_1)
FN:12,(anonymous_2)
FNF:3
FNH:3
FNDA:3,(anonymous_0)
FNDA:1,(anonymous_1)
FNDA:1,(anonymous_2)
DA:4,1
DA:6,3
DA:8,3
DA:9,1
DA:12,3
DA:13,1
DA:14,1
DA:15,1
DA:18,3
LF:9
LH:9
BRF:0
BRH:0
end_of_record
